Determining if the pthread_create exist failed with the following output:
Change Dir: /home/ga46puh/CAVE-project/student_project/build_cavemaster01u/CMakeFiles/CMakeTmp

Run Build Command:"/usr/bin/make" "cmTC_07b5b/fast"
/usr/bin/make -f CMakeFiles/cmTC_07b5b.dir/build.make CMakeFiles/cmTC_07b5b.dir/build
make[1]: Entering directory '/home/ga46puh/CAVE-project/student_project/build_cavemaster01u/CMakeFiles/CMakeTmp'
Building C object CMakeFiles/cmTC_07b5b.dir/CheckSymbolExists.c.o
/usr/bin/cc     -o CMakeFiles/cmTC_07b5b.dir/CheckSymbolExists.c.o   -c /home/ga46puh/CAVE-project/student_project/build_cavemaster01u/CMakeFiles/CMakeTmp/CheckSymbolExists.c
Linking C executable cmTC_07b5b
/usr/bin/cmake -E cmake_link_script CMakeFiles/cmTC_07b5b.dir/link.txt --verbose=1
/usr/bin/cc       CMakeFiles/cmTC_07b5b.dir/CheckSymbolExists.c.o  -o cmTC_07b5b -rdynamic 
CMakeFiles/cmTC_07b5b.dir/CheckSymbolExists.c.o: In function `main':
CheckSymbolExists.c:(.text+0x16): undefined reference to `pthread_create'
collect2: error: ld returned 1 exit status
CMakeFiles/cmTC_07b5b.dir/build.make:97: recipe for target 'cmTC_07b5b' failed
make[1]: *** [cmTC_07b5b] Error 1
make[1]: Leaving directory '/home/ga46puh/CAVE-project/student_project/build_cavemaster01u/CMakeFiles/CMakeTmp'
Makefile:126: recipe for target 'cmTC_07b5b/fast' failed
make: *** [cmTC_07b5b/fast] Error 2

File /home/ga46puh/CAVE-project/student_project/build_cavemaster01u/CMakeFiles/CMakeTmp/CheckSymbolExists.c:
/* */
#include <pthread.h>

int main(int argc, char** argv)
{
  (void)argv;
#ifndef pthread_create
  return ((int*)(&pthread_create))[argc];
#else
  (void)argc;
  return 0;
#endif
}

Determining if the function pthread_create exists in the pthreads failed with the following output:
Change Dir: /home/ga46puh/CAVE-project/student_project/build_cavemaster01u/CMakeFiles/CMakeTmp

Run Build Command:"/usr/bin/make" "cmTC_71ebe/fast"
/usr/bin/make -f CMakeFiles/cmTC_71ebe.dir/build.make CMakeFiles/cmTC_71ebe.dir/build
make[1]: Entering directory '/home/ga46puh/CAVE-project/student_project/build_cavemaster01u/CMakeFiles/CMakeTmp'
Building C object CMakeFiles/cmTC_71ebe.dir/CheckFunctionExists.c.o
/usr/bin/cc    -DCHECK_FUNCTION_EXISTS=pthread_create   -o CMakeFiles/cmTC_71ebe.dir/CheckFunctionExists.c.o   -c /usr/share/cmake-3.5/Modules/CheckFunctionExists.c
Linking C executable cmTC_71ebe
/usr/bin/cmake -E cmake_link_script CMakeFiles/cmTC_71ebe.dir/link.txt --verbose=1
/usr/bin/cc   -DCHECK_FUNCTION_EXISTS=pthread_create    CMakeFiles/cmTC_71ebe.dir/CheckFunctionExists.c.o  -o cmTC_71ebe -rdynamic -lpthreads 
/usr/bin/ld: cannot find -lpthreads
collect2: error: ld returned 1 exit status
CMakeFiles/cmTC_71ebe.dir/build.make:97: recipe for target 'cmTC_71ebe' failed
make[1]: *** [cmTC_71ebe] Error 1
make[1]: Leaving directory '/home/ga46puh/CAVE-project/student_project/build_cavemaster01u/CMakeFiles/CMakeTmp'
Makefile:126: recipe for target 'cmTC_71ebe/fast' failed
make: *** [cmTC_71ebe/fast] Error 2


